<?xml version="1.0" encoding="UTF-8"?>
<!-- Generated by org.testng.reporters.JUnitReportReporter -->
<testsuite ignored="0" hostname="LAPTOP-C9TGNJDV" failures="0" tests="1" name="pruebang.selTest" time="2.265" errors="0" timestamp="20 Apr 2024 16:48:38 GMT" skipped="0">
  <testcase classname="pruebang.selTest" name="test01" time="2.265"/>
</testsuite> <!-- pruebang.selTest -->
